ARM GAS  C:\Users\Xon\AppData\Local\Temp\ccXO6Frh.s 			page 1


   1              		.cpu cortex-m4
   2              		.eabi_attribute 27, 1
   3              		.eabi_attribute 28, 1
   4              		.eabi_attribute 20, 1
   5              		.eabi_attribute 21, 1
   6              		.eabi_attribute 23, 3
   7              		.eabi_attribute 24, 1
   8              		.eabi_attribute 25, 1
   9              		.eabi_attribute 26, 1
  10              		.eabi_attribute 30, 1
  11              		.eabi_attribute 34, 1
  12              		.eabi_attribute 18, 4
  13              		.file	"main.c"
  14              		.text
  15              	.Ltext0:
  16              		.cfi_sections	.debug_frame
  17              		.section	.text.MX_GPIO_Init,"ax",%progbits
  18              		.align	1
  19              		.arch armv7e-m
  20              		.syntax unified
  21              		.thumb
  22              		.thumb_func
  23              		.fpu fpv4-sp-d16
  25              	MX_GPIO_Init:
  26              	.LFB132:
  27              		.file 1 "Core/Src/main.c"
   1:Core/Src/main.c **** /* USER CODE BEGIN Header */
   2:Core/Src/main.c **** /**
   3:Core/Src/main.c ****   ******************************************************************************
   4:Core/Src/main.c ****   * @file           : main.c
   5:Core/Src/main.c ****   * @brief          : Main program body
   6:Core/Src/main.c ****   ******************************************************************************
   7:Core/Src/main.c ****   * @attention
   8:Core/Src/main.c ****   *
   9:Core/Src/main.c ****   * <h2><center>&copy; Copyright (c) 2021 STMicroelectronics.
  10:Core/Src/main.c ****   * All rights reserved.</center></h2>
  11:Core/Src/main.c ****   *
  12:Core/Src/main.c ****   * This software component is licensed by ST under BSD 3-Clause license,
  13:Core/Src/main.c ****   * the "License"; You may not use this file except in compliance with the
  14:Core/Src/main.c ****   * License. You may obtain a copy of the License at:
  15:Core/Src/main.c ****   *                        opensource.org/licenses/BSD-3-Clause
  16:Core/Src/main.c ****   *
  17:Core/Src/main.c ****   ******************************************************************************
  18:Core/Src/main.c ****   */
  19:Core/Src/main.c **** /* USER CODE END Header */
  20:Core/Src/main.c **** /* Includes ------------------------------------------------------------------*/
  21:Core/Src/main.c **** #include "main.h"
  22:Core/Src/main.c **** 
  23:Core/Src/main.c **** /* Private includes ----------------------------------------------------------*/
  24:Core/Src/main.c **** /* USER CODE BEGIN Includes */
  25:Core/Src/main.c **** 
  26:Core/Src/main.c **** /* USER CODE END Includes */
  27:Core/Src/main.c **** 
  28:Core/Src/main.c **** /* Private typedef -----------------------------------------------------------*/
  29:Core/Src/main.c **** /* USER CODE BEGIN PTD */
  30:Core/Src/main.c **** 
  31:Core/Src/main.c **** /* USER CODE END PTD */
ARM GAS  C:\Users\Xon\AppData\Local\Temp\ccXO6Frh.s 			page 2


  32:Core/Src/main.c **** 
  33:Core/Src/main.c **** /* Private define ------------------------------------------------------------*/
  34:Core/Src/main.c **** /* USER CODE BEGIN PD */
  35:Core/Src/main.c **** /* USER CODE END PD */
  36:Core/Src/main.c **** 
  37:Core/Src/main.c **** /* Private macro -------------------------------------------------------------*/
  38:Core/Src/main.c **** /* USER CODE BEGIN PM */
  39:Core/Src/main.c **** 
  40:Core/Src/main.c **** /* USER CODE END PM */
  41:Core/Src/main.c **** 
  42:Core/Src/main.c **** /* Private variables ---------------------------------------------------------*/
  43:Core/Src/main.c **** 
  44:Core/Src/main.c **** /* USER CODE BEGIN PV */
  45:Core/Src/main.c **** 
  46:Core/Src/main.c **** /* USER CODE END PV */
  47:Core/Src/main.c **** 
  48:Core/Src/main.c **** /* Private function prototypes -----------------------------------------------*/
  49:Core/Src/main.c **** void SystemClock_Config(void);
  50:Core/Src/main.c **** static void MX_GPIO_Init(void);
  51:Core/Src/main.c **** /* USER CODE BEGIN PFP */
  52:Core/Src/main.c **** 
  53:Core/Src/main.c **** /* USER CODE END PFP */
  54:Core/Src/main.c **** 
  55:Core/Src/main.c **** /* Private user code ---------------------------------------------------------*/
  56:Core/Src/main.c **** /* USER CODE BEGIN 0 */
  57:Core/Src/main.c **** 
  58:Core/Src/main.c **** /* USER CODE END 0 */
  59:Core/Src/main.c **** 
  60:Core/Src/main.c **** /**
  61:Core/Src/main.c ****   * @brief  The application entry point.
  62:Core/Src/main.c ****   * @retval int
  63:Core/Src/main.c ****   */
  64:Core/Src/main.c **** int main(void)
  65:Core/Src/main.c **** {
  66:Core/Src/main.c ****   /* USER CODE BEGIN 1 */
  67:Core/Src/main.c **** 
  68:Core/Src/main.c ****   /* USER CODE END 1 */
  69:Core/Src/main.c **** 
  70:Core/Src/main.c ****   /* MCU Configuration--------------------------------------------------------*/
  71:Core/Src/main.c **** 
  72:Core/Src/main.c ****   /* Reset of all peripherals, Initializes the Flash interface and the Systick. */
  73:Core/Src/main.c ****   HAL_Init();
  74:Core/Src/main.c **** 
  75:Core/Src/main.c ****   /* USER CODE BEGIN Init */
  76:Core/Src/main.c **** 
  77:Core/Src/main.c ****   /* USER CODE END Init */
  78:Core/Src/main.c **** 
  79:Core/Src/main.c ****   /* Configure the system clock */
  80:Core/Src/main.c ****   SystemClock_Config();
  81:Core/Src/main.c **** 
  82:Core/Src/main.c ****   /* USER CODE BEGIN SysInit */
  83:Core/Src/main.c **** 
  84:Core/Src/main.c ****   /* USER CODE END SysInit */
  85:Core/Src/main.c **** 
  86:Core/Src/main.c ****   /* Initialize all configured peripherals */
  87:Core/Src/main.c ****   MX_GPIO_Init();
  88:Core/Src/main.c ****   /* USER CODE BEGIN 2 */
ARM GAS  C:\Users\Xon\AppData\Local\Temp\ccXO6Frh.s 			page 3


  89:Core/Src/main.c **** 
  90:Core/Src/main.c ****   /* USER CODE END 2 */
  91:Core/Src/main.c **** 
  92:Core/Src/main.c ****   /* Infinite loop */
  93:Core/Src/main.c ****   /* USER CODE BEGIN WHILE */
  94:Core/Src/main.c ****   while (1)
  95:Core/Src/main.c ****   {
  96:Core/Src/main.c ****     /* USER CODE END WHILE */
  97:Core/Src/main.c **** 
  98:Core/Src/main.c ****     /* USER CODE BEGIN 3 */
  99:Core/Src/main.c ****   }
 100:Core/Src/main.c ****   /* USER CODE END 3 */
 101:Core/Src/main.c **** }
 102:Core/Src/main.c **** 
 103:Core/Src/main.c **** /**
 104:Core/Src/main.c ****   * @brief System Clock Configuration
 105:Core/Src/main.c ****   * @retval None
 106:Core/Src/main.c ****   */
 107:Core/Src/main.c **** void SystemClock_Config(void)
 108:Core/Src/main.c **** {
 109:Core/Src/main.c ****   RCC_OscInitTypeDef RCC_OscInitStruct = {0};
 110:Core/Src/main.c ****   RCC_ClkInitTypeDef RCC_ClkInitStruct = {0};
 111:Core/Src/main.c **** 
 112:Core/Src/main.c ****   /** Configure the main internal regulator output voltage
 113:Core/Src/main.c ****   */
 114:Core/Src/main.c ****   __HAL_RCC_PWR_CLK_ENABLE();
 115:Core/Src/main.c ****   __HAL_PWR_VOLTAGESCALING_CONFIG(PWR_REGULATOR_VOLTAGE_SCALE1);
 116:Core/Src/main.c ****   /** Initializes the RCC Oscillators according to the specified parameters
 117:Core/Src/main.c ****   * in the RCC_OscInitTypeDef structure.
 118:Core/Src/main.c ****   */
 119:Core/Src/main.c ****   RCC_OscInitStruct.OscillatorType = RCC_OSCILLATORTYPE_HSE;
 120:Core/Src/main.c ****   RCC_OscInitStruct.HSEState = RCC_HSE_ON;
 121:Core/Src/main.c ****   RCC_OscInitStruct.PLL.PLLState = RCC_PLL_ON;
 122:Core/Src/main.c ****   RCC_OscInitStruct.PLL.PLLSource = RCC_PLLSOURCE_HSE;
 123:Core/Src/main.c ****   RCC_OscInitStruct.PLL.PLLM = 4;
 124:Core/Src/main.c ****   RCC_OscInitStruct.PLL.PLLN = 168;
 125:Core/Src/main.c ****   RCC_OscInitStruct.PLL.PLLP = RCC_PLLP_DIV2;
 126:Core/Src/main.c ****   RCC_OscInitStruct.PLL.PLLQ = 4;
 127:Core/Src/main.c ****   if (HAL_RCC_OscConfig(&RCC_OscInitStruct) != HAL_OK)
 128:Core/Src/main.c ****   {
 129:Core/Src/main.c ****     Error_Handler();
 130:Core/Src/main.c ****   }
 131:Core/Src/main.c ****   /** Initializes the CPU, AHB and APB buses clocks
 132:Core/Src/main.c ****   */
 133:Core/Src/main.c ****   RCC_ClkInitStruct.ClockType = RCC_CLOCKTYPE_HCLK|RCC_CLOCKTYPE_SYSCLK
 134:Core/Src/main.c ****                               |RCC_CLOCKTYPE_PCLK1|RCC_CLOCKTYPE_PCLK2;
 135:Core/Src/main.c ****   RCC_ClkInitStruct.SYSCLKSource = RCC_SYSCLKSOURCE_PLLCLK;
 136:Core/Src/main.c ****   RCC_ClkInitStruct.AHBCLKDivider = RCC_SYSCLK_DIV1;
 137:Core/Src/main.c ****   RCC_ClkInitStruct.APB1CLKDivider = RCC_HCLK_DIV4;
 138:Core/Src/main.c ****   RCC_ClkInitStruct.APB2CLKDivider = RCC_HCLK_DIV2;
 139:Core/Src/main.c **** 
 140:Core/Src/main.c ****   if (HAL_RCC_ClockConfig(&RCC_ClkInitStruct, FLASH_LATENCY_5) != HAL_OK)
 141:Core/Src/main.c ****   {
 142:Core/Src/main.c ****     Error_Handler();
 143:Core/Src/main.c ****   }
 144:Core/Src/main.c **** }
 145:Core/Src/main.c **** 
ARM GAS  C:\Users\Xon\AppData\Local\Temp\ccXO6Frh.s 			page 4


 146:Core/Src/main.c **** /**
 147:Core/Src/main.c ****   * @brief GPIO Initialization Function
 148:Core/Src/main.c ****   * @param None
 149:Core/Src/main.c ****   * @retval None
 150:Core/Src/main.c ****   */
 151:Core/Src/main.c **** static void MX_GPIO_Init(void)
 152:Core/Src/main.c **** {
  28              		.loc 1 152 1 view -0
  29              		.cfi_startproc
  30              		@ args = 0, pretend = 0, frame = 8
  31              		@ frame_needed = 0, uses_anonymous_args = 0
  32              		@ link register save eliminated.
  33 0000 82B0     		sub	sp, sp, #8
  34              	.LCFI0:
  35              		.cfi_def_cfa_offset 8
 153:Core/Src/main.c **** 
 154:Core/Src/main.c ****   /* GPIO Ports Clock Enable */
 155:Core/Src/main.c ****   __HAL_RCC_GPIOH_CLK_ENABLE();
  36              		.loc 1 155 3 view .LVU1
  37              	.LBB4:
  38              		.loc 1 155 3 view .LVU2
  39 0002 0021     		movs	r1, #0
  40 0004 0091     		str	r1, [sp]
  41              		.loc 1 155 3 view .LVU3
  42 0006 0B4B     		ldr	r3, .L3
  43 0008 1A6B     		ldr	r2, [r3, #48]
  44 000a 42F08002 		orr	r2, r2, #128
  45 000e 1A63     		str	r2, [r3, #48]
  46              		.loc 1 155 3 view .LVU4
  47 0010 1A6B     		ldr	r2, [r3, #48]
  48 0012 02F08002 		and	r2, r2, #128
  49 0016 0092     		str	r2, [sp]
  50              		.loc 1 155 3 view .LVU5
  51 0018 009A     		ldr	r2, [sp]
  52              	.LBE4:
  53              		.loc 1 155 3 view .LVU6
 156:Core/Src/main.c ****   __HAL_RCC_GPIOA_CLK_ENABLE();
  54              		.loc 1 156 3 view .LVU7
  55              	.LBB5:
  56              		.loc 1 156 3 view .LVU8
  57 001a 0191     		str	r1, [sp, #4]
  58              		.loc 1 156 3 view .LVU9
  59 001c 1A6B     		ldr	r2, [r3, #48]
  60 001e 42F00102 		orr	r2, r2, #1
  61 0022 1A63     		str	r2, [r3, #48]
  62              		.loc 1 156 3 view .LVU10
  63 0024 1B6B     		ldr	r3, [r3, #48]
  64 0026 03F00103 		and	r3, r3, #1
  65 002a 0193     		str	r3, [sp, #4]
  66              		.loc 1 156 3 view .LVU11
  67 002c 019B     		ldr	r3, [sp, #4]
  68              	.LBE5:
  69              		.loc 1 156 3 view .LVU12
 157:Core/Src/main.c **** 
 158:Core/Src/main.c **** }
  70              		.loc 1 158 1 is_stmt 0 view .LVU13
  71 002e 02B0     		add	sp, sp, #8
ARM GAS  C:\Users\Xon\AppData\Local\Temp\ccXO6Frh.s 			page 5


  72              	.LCFI1:
  73              		.cfi_def_cfa_offset 0
  74              		@ sp needed
  75 0030 7047     		bx	lr
  76              	.L4:
  77 0032 00BF     		.align	2
  78              	.L3:
  79 0034 00380240 		.word	1073887232
  80              		.cfi_endproc
  81              	.LFE132:
  83              		.section	.text.Error_Handler,"ax",%progbits
  84              		.align	1
  85              		.global	Error_Handler
  86              		.syntax unified
  87              		.thumb
  88              		.thumb_func
  89              		.fpu fpv4-sp-d16
  91              	Error_Handler:
  92              	.LFB133:
 159:Core/Src/main.c **** 
 160:Core/Src/main.c **** /* USER CODE BEGIN 4 */
 161:Core/Src/main.c **** 
 162:Core/Src/main.c **** /* USER CODE END 4 */
 163:Core/Src/main.c **** 
 164:Core/Src/main.c **** /**
 165:Core/Src/main.c ****   * @brief  This function is executed in case of error occurrence.
 166:Core/Src/main.c ****   * @retval None
 167:Core/Src/main.c ****   */
 168:Core/Src/main.c **** void Error_Handler(void)
 169:Core/Src/main.c **** {
  93              		.loc 1 169 1 is_stmt 1 view -0
  94              		.cfi_startproc
  95              		@ Volatile: function does not return.
  96              		@ args = 0, pretend = 0, frame = 0
  97              		@ frame_needed = 0, uses_anonymous_args = 0
  98              		@ link register save eliminated.
 170:Core/Src/main.c ****   /* USER CODE BEGIN Error_Handler_Debug */
 171:Core/Src/main.c ****   /* User can add his own implementation to report the HAL error return state */
 172:Core/Src/main.c ****   __disable_irq();
  99              		.loc 1 172 3 view .LVU15
 100              	.LBB6:
 101              	.LBI6:
 102              		.file 2 "Drivers/CMSIS/Include/cmsis_gcc.h"
   1:Drivers/CMSIS/Include/cmsis_gcc.h **** /**************************************************************************//**
   2:Drivers/CMSIS/Include/cmsis_gcc.h ****  * @file     cmsis_gcc.h
   3:Drivers/CMSIS/Include/cmsis_gcc.h ****  * @brief    CMSIS compiler GCC header file
   4:Drivers/CMSIS/Include/cmsis_gcc.h ****  * @version  V5.0.4
   5:Drivers/CMSIS/Include/cmsis_gcc.h ****  * @date     09. April 2018
   6:Drivers/CMSIS/Include/cmsis_gcc.h ****  ******************************************************************************/
   7:Drivers/CMSIS/Include/cmsis_gcc.h **** /*
   8:Drivers/CMSIS/Include/cmsis_gcc.h ****  * Copyright (c) 2009-2018 Arm Limited. All rights reserved.
   9:Drivers/CMSIS/Include/cmsis_gcc.h ****  *
  10:Drivers/CMSIS/Include/cmsis_gcc.h ****  * SPDX-License-Identifier: Apache-2.0
  11:Drivers/CMSIS/Include/cmsis_gcc.h ****  *
  12:Drivers/CMSIS/Include/cmsis_gcc.h ****  * Licensed under the Apache License, Version 2.0 (the License); you may
  13:Drivers/CMSIS/Include/cmsis_gcc.h ****  * not use this file except in compliance with the License.
  14:Drivers/CMSIS/Include/cmsis_gcc.h ****  * You may obtain a copy of the License at
ARM GAS  C:\Users\Xon\AppData\Local\Temp\ccXO6Frh.s 			page 6


  15:Drivers/CMSIS/Include/cmsis_gcc.h ****  *
  16:Drivers/CMSIS/Include/cmsis_gcc.h ****  * www.apache.org/licenses/LICENSE-2.0
  17:Drivers/CMSIS/Include/cmsis_gcc.h ****  *
  18:Drivers/CMSIS/Include/cmsis_gcc.h ****  * Unless required by applicable law or agreed to in writing, software
  19:Drivers/CMSIS/Include/cmsis_gcc.h ****  * distributed under the License is distributed on an AS IS BASIS, WITHOUT
  20:Drivers/CMSIS/Include/cmsis_gcc.h ****  * WARRANTIES OR CONDITIONS OF ANY KIND, either express or implied.
  21:Drivers/CMSIS/Include/cmsis_gcc.h ****  * See the License for the specific language governing permissions and
  22:Drivers/CMSIS/Include/cmsis_gcc.h ****  * limitations under the License.
  23:Drivers/CMSIS/Include/cmsis_gcc.h ****  */
  24:Drivers/CMSIS/Include/cmsis_gcc.h **** 
  25:Drivers/CMSIS/Include/cmsis_gcc.h **** #ifndef __CMSIS_GCC_H
  26:Drivers/CMSIS/Include/cmsis_gcc.h **** #define __CMSIS_GCC_H
  27:Drivers/CMSIS/Include/cmsis_gcc.h **** 
  28:Drivers/CMSIS/Include/cmsis_gcc.h **** /* ignore some GCC warnings */
  29:Drivers/CMSIS/Include/cmsis_gcc.h **** #pragma GCC diagnostic push
  30:Drivers/CMSIS/Include/cmsis_gcc.h **** #pragma GCC diagnostic ignored "-Wsign-conversion"
  31:Drivers/CMSIS/Include/cmsis_gcc.h **** #pragma GCC diagnostic ignored "-Wconversion"
  32:Drivers/CMSIS/Include/cmsis_gcc.h **** #pragma GCC diagnostic ignored "-Wunused-parameter"
  33:Drivers/CMSIS/Include/cmsis_gcc.h **** 
  34:Drivers/CMSIS/Include/cmsis_gcc.h **** /* Fallback for __has_builtin */
  35:Drivers/CMSIS/Include/cmsis_gcc.h **** #ifndef __has_builtin
  36:Drivers/CMSIS/Include/cmsis_gcc.h ****   #define __has_builtin(x) (0)
  37:Drivers/CMSIS/Include/cmsis_gcc.h **** #endif
  38:Drivers/CMSIS/Include/cmsis_gcc.h **** 
  39:Drivers/CMSIS/Include/cmsis_gcc.h **** /* CMSIS compiler specific defines */
  40:Drivers/CMSIS/Include/cmsis_gcc.h **** #ifndef   __ASM
  41:Drivers/CMSIS/Include/cmsis_gcc.h ****   #define __ASM                                  __asm
  42:Drivers/CMSIS/Include/cmsis_gcc.h **** #endif
  43:Drivers/CMSIS/Include/cmsis_gcc.h **** #ifndef   __INLINE
  44:Drivers/CMSIS/Include/cmsis_gcc.h ****   #define __INLINE                               inline
  45:Drivers/CMSIS/Include/cmsis_gcc.h **** #endif
  46:Drivers/CMSIS/Include/cmsis_gcc.h **** #ifndef   __STATIC_INLINE
  47:Drivers/CMSIS/Include/cmsis_gcc.h ****   #define __STATIC_INLINE                        static inline
  48:Drivers/CMSIS/Include/cmsis_gcc.h **** #endif
  49:Drivers/CMSIS/Include/cmsis_gcc.h **** #ifndef   __STATIC_FORCEINLINE                 
  50:Drivers/CMSIS/Include/cmsis_gcc.h ****   #define __STATIC_FORCEINLINE                   __attribute__((always_inline)) static inline
  51:Drivers/CMSIS/Include/cmsis_gcc.h **** #endif                                           
  52:Drivers/CMSIS/Include/cmsis_gcc.h **** #ifndef   __NO_RETURN
  53:Drivers/CMSIS/Include/cmsis_gcc.h ****   #define __NO_RETURN                            __attribute__((__noreturn__))
  54:Drivers/CMSIS/Include/cmsis_gcc.h **** #endif
  55:Drivers/CMSIS/Include/cmsis_gcc.h **** #ifndef   __USED
  56:Drivers/CMSIS/Include/cmsis_gcc.h ****   #define __USED                                 __attribute__((used))
  57:Drivers/CMSIS/Include/cmsis_gcc.h **** #endif
  58:Drivers/CMSIS/Include/cmsis_gcc.h **** #ifndef   __WEAK
  59:Drivers/CMSIS/Include/cmsis_gcc.h ****   #define __WEAK                                 __attribute__((weak))
  60:Drivers/CMSIS/Include/cmsis_gcc.h **** #endif
  61:Drivers/CMSIS/Include/cmsis_gcc.h **** #ifndef   __PACKED
  62:Drivers/CMSIS/Include/cmsis_gcc.h ****   #define __PACKED                               __attribute__((packed, aligned(1)))
  63:Drivers/CMSIS/Include/cmsis_gcc.h **** #endif
  64:Drivers/CMSIS/Include/cmsis_gcc.h **** #ifndef   __PACKED_STRUCT
  65:Drivers/CMSIS/Include/cmsis_gcc.h ****   #define __PACKED_STRUCT                        struct __attribute__((packed, aligned(1)))
  66:Drivers/CMSIS/Include/cmsis_gcc.h **** #endif
  67:Drivers/CMSIS/Include/cmsis_gcc.h **** #ifndef   __PACKED_UNION
  68:Drivers/CMSIS/Include/cmsis_gcc.h ****   #define __PACKED_UNION                         union __attribute__((packed, aligned(1)))
  69:Drivers/CMSIS/Include/cmsis_gcc.h **** #endif
  70:Drivers/CMSIS/Include/cmsis_gcc.h **** #ifndef   __UNALIGNED_UINT32        /* deprecated */
  71:Drivers/CMSIS/Include/cmsis_gcc.h ****   #pragma GCC diagnostic push
ARM GAS  C:\Users\Xon\AppData\Local\Temp\ccXO6Frh.s 			page 7


  72:Drivers/CMSIS/Include/cmsis_gcc.h ****   #pragma GCC diagnostic ignored "-Wpacked"
  73:Drivers/CMSIS/Include/cmsis_gcc.h ****   #pragma GCC diagnostic ignored "-Wattributes"
  74:Drivers/CMSIS/Include/cmsis_gcc.h ****   struct __attribute__((packed)) T_UINT32 { uint32_t v; };
  75:Drivers/CMSIS/Include/cmsis_gcc.h ****   #pragma GCC diagnostic pop
  76:Drivers/CMSIS/Include/cmsis_gcc.h ****   #define __UNALIGNED_UINT32(x)                  (((struct T_UINT32 *)(x))->v)
  77:Drivers/CMSIS/Include/cmsis_gcc.h **** #endif
  78:Drivers/CMSIS/Include/cmsis_gcc.h **** #ifndef   __UNALIGNED_UINT16_WRITE
  79:Drivers/CMSIS/Include/cmsis_gcc.h ****   #pragma GCC diagnostic push
  80:Drivers/CMSIS/Include/cmsis_gcc.h ****   #pragma GCC diagnostic ignored "-Wpacked"
  81:Drivers/CMSIS/Include/cmsis_gcc.h ****   #pragma GCC diagnostic ignored "-Wattributes"
  82:Drivers/CMSIS/Include/cmsis_gcc.h ****   __PACKED_STRUCT T_UINT16_WRITE { uint16_t v; };
  83:Drivers/CMSIS/Include/cmsis_gcc.h ****   #pragma GCC diagnostic pop
  84:Drivers/CMSIS/Include/cmsis_gcc.h ****   #define __UNALIGNED_UINT16_WRITE(addr, val)    (void)((((struct T_UINT16_WRITE *)(void *)(addr))-
  85:Drivers/CMSIS/Include/cmsis_gcc.h **** #endif
  86:Drivers/CMSIS/Include/cmsis_gcc.h **** #ifndef   __UNALIGNED_UINT16_READ
  87:Drivers/CMSIS/Include/cmsis_gcc.h ****   #pragma GCC diagnostic push
  88:Drivers/CMSIS/Include/cmsis_gcc.h ****   #pragma GCC diagnostic ignored "-Wpacked"
  89:Drivers/CMSIS/Include/cmsis_gcc.h ****   #pragma GCC diagnostic ignored "-Wattributes"
  90:Drivers/CMSIS/Include/cmsis_gcc.h ****   __PACKED_STRUCT T_UINT16_READ { uint16_t v; };
  91:Drivers/CMSIS/Include/cmsis_gcc.h ****   #pragma GCC diagnostic pop
  92:Drivers/CMSIS/Include/cmsis_gcc.h ****   #define __UNALIGNED_UINT16_READ(addr)          (((const struct T_UINT16_READ *)(const void *)(add
  93:Drivers/CMSIS/Include/cmsis_gcc.h **** #endif
  94:Drivers/CMSIS/Include/cmsis_gcc.h **** #ifndef   __UNALIGNED_UINT32_WRITE
  95:Drivers/CMSIS/Include/cmsis_gcc.h ****   #pragma GCC diagnostic push
  96:Drivers/CMSIS/Include/cmsis_gcc.h ****   #pragma GCC diagnostic ignored "-Wpacked"
  97:Drivers/CMSIS/Include/cmsis_gcc.h ****   #pragma GCC diagnostic ignored "-Wattributes"
  98:Drivers/CMSIS/Include/cmsis_gcc.h ****   __PACKED_STRUCT T_UINT32_WRITE { uint32_t v; };
  99:Drivers/CMSIS/Include/cmsis_gcc.h ****   #pragma GCC diagnostic pop
 100:Drivers/CMSIS/Include/cmsis_gcc.h ****   #define __UNALIGNED_UINT32_WRITE(addr, val)    (void)((((struct T_UINT32_WRITE *)(void *)(addr))-
 101:Drivers/CMSIS/Include/cmsis_gcc.h **** #endif
 102:Drivers/CMSIS/Include/cmsis_gcc.h **** #ifndef   __UNALIGNED_UINT32_READ
 103:Drivers/CMSIS/Include/cmsis_gcc.h ****   #pragma GCC diagnostic push
 104:Drivers/CMSIS/Include/cmsis_gcc.h ****   #pragma GCC diagnostic ignored "-Wpacked"
 105:Drivers/CMSIS/Include/cmsis_gcc.h ****   #pragma GCC diagnostic ignored "-Wattributes"
 106:Drivers/CMSIS/Include/cmsis_gcc.h ****   __PACKED_STRUCT T_UINT32_READ { uint32_t v; };
 107:Drivers/CMSIS/Include/cmsis_gcc.h ****   #pragma GCC diagnostic pop
 108:Drivers/CMSIS/Include/cmsis_gcc.h ****   #define __UNALIGNED_UINT32_READ(addr)          (((const struct T_UINT32_READ *)(const void *)(add
 109:Drivers/CMSIS/Include/cmsis_gcc.h **** #endif
 110:Drivers/CMSIS/Include/cmsis_gcc.h **** #ifndef   __ALIGNED
 111:Drivers/CMSIS/Include/cmsis_gcc.h ****   #define __ALIGNED(x)                           __attribute__((aligned(x)))
 112:Drivers/CMSIS/Include/cmsis_gcc.h **** #endif
 113:Drivers/CMSIS/Include/cmsis_gcc.h **** #ifndef   __RESTRICT
 114:Drivers/CMSIS/Include/cmsis_gcc.h ****   #define __RESTRICT                             __restrict
 115:Drivers/CMSIS/Include/cmsis_gcc.h **** #endif
 116:Drivers/CMSIS/Include/cmsis_gcc.h **** 
 117:Drivers/CMSIS/Include/cmsis_gcc.h **** 
 118:Drivers/CMSIS/Include/cmsis_gcc.h **** /* ###########################  Core Function Access  ########################### */
 119:Drivers/CMSIS/Include/cmsis_gcc.h **** /** \ingroup  CMSIS_Core_FunctionInterface
 120:Drivers/CMSIS/Include/cmsis_gcc.h ****     \defgroup CMSIS_Core_RegAccFunctions CMSIS Core Register Access Functions
 121:Drivers/CMSIS/Include/cmsis_gcc.h ****   @{
 122:Drivers/CMSIS/Include/cmsis_gcc.h ****  */
 123:Drivers/CMSIS/Include/cmsis_gcc.h **** 
 124:Drivers/CMSIS/Include/cmsis_gcc.h **** /**
 125:Drivers/CMSIS/Include/cmsis_gcc.h ****   \brief   Enable IRQ Interrupts
 126:Drivers/CMSIS/Include/cmsis_gcc.h ****   \details Enables IRQ interrupts by clearing the I-bit in the CPSR.
 127:Drivers/CMSIS/Include/cmsis_gcc.h ****            Can only be executed in Privileged modes.
 128:Drivers/CMSIS/Include/cmsis_gcc.h ****  */
ARM GAS  C:\Users\Xon\AppData\Local\Temp\ccXO6Frh.s 			page 8


 129:Drivers/CMSIS/Include/cmsis_gcc.h **** __STATIC_FORCEINLINE void __enable_irq(void)
 130:Drivers/CMSIS/Include/cmsis_gcc.h **** {
 131:Drivers/CMSIS/Include/cmsis_gcc.h ****   __ASM volatile ("cpsie i" : : : "memory");
 132:Drivers/CMSIS/Include/cmsis_gcc.h **** }
 133:Drivers/CMSIS/Include/cmsis_gcc.h **** 
 134:Drivers/CMSIS/Include/cmsis_gcc.h **** 
 135:Drivers/CMSIS/Include/cmsis_gcc.h **** /**
 136:Drivers/CMSIS/Include/cmsis_gcc.h ****   \brief   Disable IRQ Interrupts
 137:Drivers/CMSIS/Include/cmsis_gcc.h ****   \details Disables IRQ interrupts by setting the I-bit in the CPSR.
 138:Drivers/CMSIS/Include/cmsis_gcc.h ****            Can only be executed in Privileged modes.
 139:Drivers/CMSIS/Include/cmsis_gcc.h ****  */
 140:Drivers/CMSIS/Include/cmsis_gcc.h **** __STATIC_FORCEINLINE void __disable_irq(void)
 103              		.loc 2 140 27 view .LVU16
 104              	.LBB7:
 141:Drivers/CMSIS/Include/cmsis_gcc.h **** {
 142:Drivers/CMSIS/Include/cmsis_gcc.h ****   __ASM volatile ("cpsid i" : : : "memory");
 105              		.loc 2 142 3 view .LVU17
 106              		.syntax unified
 107              	@ 142 "Drivers/CMSIS/Include/cmsis_gcc.h" 1
 108 0000 72B6     		cpsid i
 109              	@ 0 "" 2
 110              		.thumb
 111              		.syntax unified
 112              	.L6:
 113              	.LBE7:
 114              	.LBE6:
 173:Core/Src/main.c ****   while (1)
 115              		.loc 1 173 3 discriminator 1 view .LVU18
 174:Core/Src/main.c ****   {
 175:Core/Src/main.c ****   }
 116              		.loc 1 175 3 discriminator 1 view .LVU19
 173:Core/Src/main.c ****   while (1)
 117              		.loc 1 173 9 discriminator 1 view .LVU20
 118 0002 FEE7     		b	.L6
 119              		.cfi_endproc
 120              	.LFE133:
 122              		.section	.text.SystemClock_Config,"ax",%progbits
 123              		.align	1
 124              		.global	SystemClock_Config
 125              		.syntax unified
 126              		.thumb
 127              		.thumb_func
 128              		.fpu fpv4-sp-d16
 130              	SystemClock_Config:
 131              	.LFB131:
 108:Core/Src/main.c ****   RCC_OscInitTypeDef RCC_OscInitStruct = {0};
 132              		.loc 1 108 1 view -0
 133              		.cfi_startproc
 134              		@ args = 0, pretend = 0, frame = 80
 135              		@ frame_needed = 0, uses_anonymous_args = 0
 136 0000 00B5     		push	{lr}
 137              	.LCFI2:
 138              		.cfi_def_cfa_offset 4
 139              		.cfi_offset 14, -4
 140 0002 95B0     		sub	sp, sp, #84
 141              	.LCFI3:
 142              		.cfi_def_cfa_offset 88
ARM GAS  C:\Users\Xon\AppData\Local\Temp\ccXO6Frh.s 			page 9


 109:Core/Src/main.c ****   RCC_ClkInitTypeDef RCC_ClkInitStruct = {0};
 143              		.loc 1 109 3 view .LVU22
 109:Core/Src/main.c ****   RCC_ClkInitTypeDef RCC_ClkInitStruct = {0};
 144              		.loc 1 109 22 is_stmt 0 view .LVU23
 145 0004 3022     		movs	r2, #48
 146 0006 0021     		movs	r1, #0
 147 0008 08A8     		add	r0, sp, #32
 148 000a FFF7FEFF 		bl	memset
 149              	.LVL0:
 110:Core/Src/main.c **** 
 150              		.loc 1 110 3 is_stmt 1 view .LVU24
 110:Core/Src/main.c **** 
 151              		.loc 1 110 22 is_stmt 0 view .LVU25
 152 000e 0023     		movs	r3, #0
 153 0010 0393     		str	r3, [sp, #12]
 154 0012 0493     		str	r3, [sp, #16]
 155 0014 0593     		str	r3, [sp, #20]
 156 0016 0693     		str	r3, [sp, #24]
 157 0018 0793     		str	r3, [sp, #28]
 114:Core/Src/main.c ****   __HAL_PWR_VOLTAGESCALING_CONFIG(PWR_REGULATOR_VOLTAGE_SCALE1);
 158              		.loc 1 114 3 is_stmt 1 view .LVU26
 159              	.LBB8:
 114:Core/Src/main.c ****   __HAL_PWR_VOLTAGESCALING_CONFIG(PWR_REGULATOR_VOLTAGE_SCALE1);
 160              		.loc 1 114 3 view .LVU27
 161 001a 0193     		str	r3, [sp, #4]
 114:Core/Src/main.c ****   __HAL_PWR_VOLTAGESCALING_CONFIG(PWR_REGULATOR_VOLTAGE_SCALE1);
 162              		.loc 1 114 3 view .LVU28
 163 001c 204A     		ldr	r2, .L13
 164 001e 116C     		ldr	r1, [r2, #64]
 165 0020 41F08051 		orr	r1, r1, #268435456
 166 0024 1164     		str	r1, [r2, #64]
 114:Core/Src/main.c ****   __HAL_PWR_VOLTAGESCALING_CONFIG(PWR_REGULATOR_VOLTAGE_SCALE1);
 167              		.loc 1 114 3 view .LVU29
 168 0026 126C     		ldr	r2, [r2, #64]
 169 0028 02F08052 		and	r2, r2, #268435456
 170 002c 0192     		str	r2, [sp, #4]
 114:Core/Src/main.c ****   __HAL_PWR_VOLTAGESCALING_CONFIG(PWR_REGULATOR_VOLTAGE_SCALE1);
 171              		.loc 1 114 3 view .LVU30
 172 002e 019A     		ldr	r2, [sp, #4]
 173              	.LBE8:
 114:Core/Src/main.c ****   __HAL_PWR_VOLTAGESCALING_CONFIG(PWR_REGULATOR_VOLTAGE_SCALE1);
 174              		.loc 1 114 3 view .LVU31
 115:Core/Src/main.c ****   /** Initializes the RCC Oscillators according to the specified parameters
 175              		.loc 1 115 3 view .LVU32
 176              	.LBB9:
 115:Core/Src/main.c ****   /** Initializes the RCC Oscillators according to the specified parameters
 177              		.loc 1 115 3 view .LVU33
 178 0030 0293     		str	r3, [sp, #8]
 115:Core/Src/main.c ****   /** Initializes the RCC Oscillators according to the specified parameters
 179              		.loc 1 115 3 view .LVU34
 180 0032 1C4B     		ldr	r3, .L13+4
 181 0034 1A68     		ldr	r2, [r3]
 182 0036 42F48042 		orr	r2, r2, #16384
 183 003a 1A60     		str	r2, [r3]
 115:Core/Src/main.c ****   /** Initializes the RCC Oscillators according to the specified parameters
 184              		.loc 1 115 3 view .LVU35
 185 003c 1B68     		ldr	r3, [r3]
ARM GAS  C:\Users\Xon\AppData\Local\Temp\ccXO6Frh.s 			page 10


 186 003e 03F48043 		and	r3, r3, #16384
 187 0042 0293     		str	r3, [sp, #8]
 115:Core/Src/main.c ****   /** Initializes the RCC Oscillators according to the specified parameters
 188              		.loc 1 115 3 view .LVU36
 189 0044 029B     		ldr	r3, [sp, #8]
 190              	.LBE9:
 115:Core/Src/main.c ****   /** Initializes the RCC Oscillators according to the specified parameters
 191              		.loc 1 115 3 view .LVU37
 119:Core/Src/main.c ****   RCC_OscInitStruct.HSEState = RCC_HSE_ON;
 192              		.loc 1 119 3 view .LVU38
 119:Core/Src/main.c ****   RCC_OscInitStruct.HSEState = RCC_HSE_ON;
 193              		.loc 1 119 36 is_stmt 0 view .LVU39
 194 0046 0123     		movs	r3, #1
 195 0048 0893     		str	r3, [sp, #32]
 120:Core/Src/main.c ****   RCC_OscInitStruct.PLL.PLLState = RCC_PLL_ON;
 196              		.loc 1 120 3 is_stmt 1 view .LVU40
 120:Core/Src/main.c ****   RCC_OscInitStruct.PLL.PLLState = RCC_PLL_ON;
 197              		.loc 1 120 30 is_stmt 0 view .LVU41
 198 004a 4FF48033 		mov	r3, #65536
 199 004e 0993     		str	r3, [sp, #36]
 121:Core/Src/main.c ****   RCC_OscInitStruct.PLL.PLLSource = RCC_PLLSOURCE_HSE;
 200              		.loc 1 121 3 is_stmt 1 view .LVU42
 121:Core/Src/main.c ****   RCC_OscInitStruct.PLL.PLLSource = RCC_PLLSOURCE_HSE;
 201              		.loc 1 121 34 is_stmt 0 view .LVU43
 202 0050 0222     		movs	r2, #2
 203 0052 0E92     		str	r2, [sp, #56]
 122:Core/Src/main.c ****   RCC_OscInitStruct.PLL.PLLM = 4;
 204              		.loc 1 122 3 is_stmt 1 view .LVU44
 122:Core/Src/main.c ****   RCC_OscInitStruct.PLL.PLLM = 4;
 205              		.loc 1 122 35 is_stmt 0 view .LVU45
 206 0054 4FF48003 		mov	r3, #4194304
 207 0058 0F93     		str	r3, [sp, #60]
 123:Core/Src/main.c ****   RCC_OscInitStruct.PLL.PLLN = 168;
 208              		.loc 1 123 3 is_stmt 1 view .LVU46
 123:Core/Src/main.c ****   RCC_OscInitStruct.PLL.PLLN = 168;
 209              		.loc 1 123 30 is_stmt 0 view .LVU47
 210 005a 0423     		movs	r3, #4
 211 005c 1093     		str	r3, [sp, #64]
 124:Core/Src/main.c ****   RCC_OscInitStruct.PLL.PLLP = RCC_PLLP_DIV2;
 212              		.loc 1 124 3 is_stmt 1 view .LVU48
 124:Core/Src/main.c ****   RCC_OscInitStruct.PLL.PLLP = RCC_PLLP_DIV2;
 213              		.loc 1 124 30 is_stmt 0 view .LVU49
 214 005e A821     		movs	r1, #168
 215 0060 1191     		str	r1, [sp, #68]
 125:Core/Src/main.c ****   RCC_OscInitStruct.PLL.PLLQ = 4;
 216              		.loc 1 125 3 is_stmt 1 view .LVU50
 125:Core/Src/main.c ****   RCC_OscInitStruct.PLL.PLLQ = 4;
 217              		.loc 1 125 30 is_stmt 0 view .LVU51
 218 0062 1292     		str	r2, [sp, #72]
 126:Core/Src/main.c ****   if (HAL_RCC_OscConfig(&RCC_OscInitStruct) != HAL_OK)
 219              		.loc 1 126 3 is_stmt 1 view .LVU52
 126:Core/Src/main.c ****   if (HAL_RCC_OscConfig(&RCC_OscInitStruct) != HAL_OK)
 220              		.loc 1 126 30 is_stmt 0 view .LVU53
 221 0064 1393     		str	r3, [sp, #76]
 127:Core/Src/main.c ****   {
 222              		.loc 1 127 3 is_stmt 1 view .LVU54
 127:Core/Src/main.c ****   {
ARM GAS  C:\Users\Xon\AppData\Local\Temp\ccXO6Frh.s 			page 11


 223              		.loc 1 127 7 is_stmt 0 view .LVU55
 224 0066 08A8     		add	r0, sp, #32
 225 0068 FFF7FEFF 		bl	HAL_RCC_OscConfig
 226              	.LVL1:
 127:Core/Src/main.c ****   {
 227              		.loc 1 127 6 view .LVU56
 228 006c 98B9     		cbnz	r0, .L11
 133:Core/Src/main.c ****                               |RCC_CLOCKTYPE_PCLK1|RCC_CLOCKTYPE_PCLK2;
 229              		.loc 1 133 3 is_stmt 1 view .LVU57
 133:Core/Src/main.c ****                               |RCC_CLOCKTYPE_PCLK1|RCC_CLOCKTYPE_PCLK2;
 230              		.loc 1 133 31 is_stmt 0 view .LVU58
 231 006e 0F23     		movs	r3, #15
 232 0070 0393     		str	r3, [sp, #12]
 135:Core/Src/main.c ****   RCC_ClkInitStruct.AHBCLKDivider = RCC_SYSCLK_DIV1;
 233              		.loc 1 135 3 is_stmt 1 view .LVU59
 135:Core/Src/main.c ****   RCC_ClkInitStruct.AHBCLKDivider = RCC_SYSCLK_DIV1;
 234              		.loc 1 135 34 is_stmt 0 view .LVU60
 235 0072 0223     		movs	r3, #2
 236 0074 0493     		str	r3, [sp, #16]
 136:Core/Src/main.c ****   RCC_ClkInitStruct.APB1CLKDivider = RCC_HCLK_DIV4;
 237              		.loc 1 136 3 is_stmt 1 view .LVU61
 136:Core/Src/main.c ****   RCC_ClkInitStruct.APB1CLKDivider = RCC_HCLK_DIV4;
 238              		.loc 1 136 35 is_stmt 0 view .LVU62
 239 0076 0023     		movs	r3, #0
 240 0078 0593     		str	r3, [sp, #20]
 137:Core/Src/main.c ****   RCC_ClkInitStruct.APB2CLKDivider = RCC_HCLK_DIV2;
 241              		.loc 1 137 3 is_stmt 1 view .LVU63
 137:Core/Src/main.c ****   RCC_ClkInitStruct.APB2CLKDivider = RCC_HCLK_DIV2;
 242              		.loc 1 137 36 is_stmt 0 view .LVU64
 243 007a 4FF4A053 		mov	r3, #5120
 244 007e 0693     		str	r3, [sp, #24]
 138:Core/Src/main.c **** 
 245              		.loc 1 138 3 is_stmt 1 view .LVU65
 138:Core/Src/main.c **** 
 246              		.loc 1 138 36 is_stmt 0 view .LVU66
 247 0080 4FF48053 		mov	r3, #4096
 248 0084 0793     		str	r3, [sp, #28]
 140:Core/Src/main.c ****   {
 249              		.loc 1 140 3 is_stmt 1 view .LVU67
 140:Core/Src/main.c ****   {
 250              		.loc 1 140 7 is_stmt 0 view .LVU68
 251 0086 0521     		movs	r1, #5
 252 0088 03A8     		add	r0, sp, #12
 253 008a FFF7FEFF 		bl	HAL_RCC_ClockConfig
 254              	.LVL2:
 140:Core/Src/main.c ****   {
 255              		.loc 1 140 6 view .LVU69
 256 008e 20B9     		cbnz	r0, .L12
 144:Core/Src/main.c **** 
 257              		.loc 1 144 1 view .LVU70
 258 0090 15B0     		add	sp, sp, #84
 259              	.LCFI4:
 260              		.cfi_remember_state
 261              		.cfi_def_cfa_offset 4
 262              		@ sp needed
 263 0092 5DF804FB 		ldr	pc, [sp], #4
 264              	.L11:
ARM GAS  C:\Users\Xon\AppData\Local\Temp\ccXO6Frh.s 			page 12


 265              	.LCFI5:
 266              		.cfi_restore_state
 129:Core/Src/main.c ****   }
 267              		.loc 1 129 5 is_stmt 1 view .LVU71
 268 0096 FFF7FEFF 		bl	Error_Handler
 269              	.LVL3:
 270              	.L12:
 142:Core/Src/main.c ****   }
 271              		.loc 1 142 5 view .LVU72
 272 009a FFF7FEFF 		bl	Error_Handler
 273              	.LVL4:
 274              	.L14:
 275 009e 00BF     		.align	2
 276              	.L13:
 277 00a0 00380240 		.word	1073887232
 278 00a4 00700040 		.word	1073770496
 279              		.cfi_endproc
 280              	.LFE131:
 282              		.section	.text.main,"ax",%progbits
 283              		.align	1
 284              		.global	main
 285              		.syntax unified
 286              		.thumb
 287              		.thumb_func
 288              		.fpu fpv4-sp-d16
 290              	main:
 291              	.LFB130:
  65:Core/Src/main.c ****   /* USER CODE BEGIN 1 */
 292              		.loc 1 65 1 view -0
 293              		.cfi_startproc
 294              		@ Volatile: function does not return.
 295              		@ args = 0, pretend = 0, frame = 0
 296              		@ frame_needed = 0, uses_anonymous_args = 0
 297 0000 08B5     		push	{r3, lr}
 298              	.LCFI6:
 299              		.cfi_def_cfa_offset 8
 300              		.cfi_offset 3, -8
 301              		.cfi_offset 14, -4
  73:Core/Src/main.c **** 
 302              		.loc 1 73 3 view .LVU74
 303 0002 FFF7FEFF 		bl	HAL_Init
 304              	.LVL5:
  80:Core/Src/main.c **** 
 305              		.loc 1 80 3 view .LVU75
 306 0006 FFF7FEFF 		bl	SystemClock_Config
 307              	.LVL6:
  87:Core/Src/main.c ****   /* USER CODE BEGIN 2 */
 308              		.loc 1 87 3 view .LVU76
 309 000a FFF7FEFF 		bl	MX_GPIO_Init
 310              	.LVL7:
 311              	.L16:
  94:Core/Src/main.c ****   {
 312              		.loc 1 94 3 discriminator 1 view .LVU77
  99:Core/Src/main.c ****   /* USER CODE END 3 */
 313              		.loc 1 99 3 discriminator 1 view .LVU78
  94:Core/Src/main.c ****   {
 314              		.loc 1 94 9 discriminator 1 view .LVU79
ARM GAS  C:\Users\Xon\AppData\Local\Temp\ccXO6Frh.s 			page 13


 315 000e FEE7     		b	.L16
 316              		.cfi_endproc
 317              	.LFE130:
 319              		.text
 320              	.Letext0:
 321              		.file 3 "d:\\stm32_code\\tools\\gcc-arm-none-eabi-10-2020-q4-major\\arm-none-eabi\\include\\machin
 322              		.file 4 "d:\\stm32_code\\tools\\gcc-arm-none-eabi-10-2020-q4-major\\arm-none-eabi\\include\\sys\\_
 323              		.file 5 "Drivers/CMSIS/Device/ST/STM32F4xx/Include/stm32f407xx.h"
 324              		.file 6 "Drivers/STM32F4xx_HAL_Driver/Inc/stm32f4xx_hal_rcc_ex.h"
 325              		.file 7 "Drivers/STM32F4xx_HAL_Driver/Inc/stm32f4xx_hal_rcc.h"
 326              		.file 8 "Drivers/STM32F4xx_HAL_Driver/Inc/stm32f4xx_hal.h"
 327              		.file 9 "Drivers/STM32F4xx_HAL_Driver/Inc/stm32f4xx_hal_def.h"
 328              		.file 10 "<built-in>"
ARM GAS  C:\Users\Xon\AppData\Local\Temp\ccXO6Frh.s 			page 14


DEFINED SYMBOLS
                            *ABS*:00000000 main.c
C:\Users\Xon\AppData\Local\Temp\ccXO6Frh.s:18     .text.MX_GPIO_Init:00000000 $t
C:\Users\Xon\AppData\Local\Temp\ccXO6Frh.s:25     .text.MX_GPIO_Init:00000000 MX_GPIO_Init
C:\Users\Xon\AppData\Local\Temp\ccXO6Frh.s:79     .text.MX_GPIO_Init:00000034 $d
C:\Users\Xon\AppData\Local\Temp\ccXO6Frh.s:84     .text.Error_Handler:00000000 $t
C:\Users\Xon\AppData\Local\Temp\ccXO6Frh.s:91     .text.Error_Handler:00000000 Error_Handler
C:\Users\Xon\AppData\Local\Temp\ccXO6Frh.s:123    .text.SystemClock_Config:00000000 $t
C:\Users\Xon\AppData\Local\Temp\ccXO6Frh.s:130    .text.SystemClock_Config:00000000 SystemClock_Config
C:\Users\Xon\AppData\Local\Temp\ccXO6Frh.s:277    .text.SystemClock_Config:000000a0 $d
C:\Users\Xon\AppData\Local\Temp\ccXO6Frh.s:283    .text.main:00000000 $t
C:\Users\Xon\AppData\Local\Temp\ccXO6Frh.s:290    .text.main:00000000 main

UNDEFINED SYMBOLS
memset
HAL_RCC_OscConfig
HAL_RCC_ClockConfig
HAL_Init
